2018-10-01 05:02:23 +0000  Initial pipeline context: <IDEDistributionProcessingPipelineContext: 0x7ff5b9833c10; archive(resolved)='<IDEArchive: 0x7ff5b982d100>', distributionTask(resolved)='2', distributionDestination(resolved)='1', distributionMethod(resolved)='<IDEDistributionMethodiOSAppStoreDistribution: 0x7ff5b806aec0>', team(resolved)='<IDEProvisioningDisambiguatableBasicTeam: 0x7ff5b8ad9bf0; teamID='89RZ5JATKM', teamName='Wiselytransfer Inc', teamType='Company', username='pong-ka@hotmail.com', isFreeProvisioningTeam='0'>'>
	Chain (12, self inclusive):
	<IDEDistributionProcessingPipelineContext: 0x7ff5b9833c10; archive = '<IDEArchive: 0x7ff5b982d100>', distributionMethod='<IDEDistributionMethodiOSAppStoreDistribution: 0x7ff5b806aec0>', team='<IDEProvisioningDisambiguatableBasicTeam: 0x7ff5b8ad9bf0; teamID='89RZ5JATKM', teamName='Wiselytransfer Inc', teamType='Company', username='pong-ka@hotmail.com', isFreeProvisioningTeam='0'>'>
	<IDEDistributionProcessingPipelineContext: 0x7ff5b9a50ba0; archive = '<IDEArchive: 0x7ff5b982d100>', distributionMethod='<IDEDistributionMethodiOSAppStoreDistribution: 0x7ff5b806aec0>', team='<IDEProvisioningDisambiguatableBasicTeam: 0x7ff5b8ad9bf0; teamID='89RZ5JATKM', teamName='Wiselytransfer Inc', teamType='Company', username='pong-ka@hotmail.com', isFreeProvisioningTeam='0'>'>
	<IDEDistributionContext: 0x7ff5b9e3ea20; archive = '<IDEArchive: 0x7ff5b982d100>', distributionMethod='<IDEDistributionMethodiOSAppStoreDistribution: 0x7ff5b806aec0>', team='<IDEProvisioningDisambiguatableBasicTeam: 0x7ff5b8ad9bf0; teamID='89RZ5JATKM', teamName='Wiselytransfer Inc', teamType='Company', username='pong-ka@hotmail.com', isFreeProvisioningTeam='0'>'>
	<IDEDistributionContext: 0x7ff5b9e3f0d0; archive = '<IDEArchive: 0x7ff5b982d100>', distributionMethod='<IDEDistributionMethodiOSAppStoreDistribution: 0x7ff5b806aec0>', team='<IDEProvisioningDisambiguatableBasicTeam: 0x7ff5b8ad9bf0; teamID='89RZ5JATKM', teamName='Wiselytransfer Inc', teamType='Company', username='pong-ka@hotmail.com', isFreeProvisioningTeam='0'>'>
	<IDEDistributionContext: 0x7ff5b9e7c9a0; archive = '<IDEArchive: 0x7ff5b982d100>', distributionMethod='<IDEDistributionMethodiOSAppStoreDistribution: 0x7ff5b806aec0>', team='<IDEProvisioningDisambiguatableBasicTeam: 0x7ff5b8ad9bf0; teamID='89RZ5JATKM', teamName='Wiselytransfer Inc', teamType='Company', username='pong-ka@hotmail.com', isFreeProvisioningTeam='0'>'>
	<IDEDistributionContext: 0x7ff5b9abcc10; archive = '<IDEArchive: 0x7ff5b982d100>', distributionMethod='<IDEDistributionMethodiOSAppStoreDistribution: 0x7ff5b806aec0>', team='<IDEProvisioningDisambiguatableBasicTeam: 0x7ff5b8ad9bf0; teamID='89RZ5JATKM', teamName='Wiselytransfer Inc', teamType='Company', username='pong-ka@hotmail.com', isFreeProvisioningTeam='0'>'>
	<IDEDistributionContext: 0x7ff5b9e33ea0; archive = '<IDEArchive: 0x7ff5b982d100>', distributionMethod='<IDEDistributionMethodiOSAppStoreDistribution: 0x7ff5b806aec0>', team='<IDEProvisioningDisambiguatableBasicTeam: 0x7ff5b8ad9bf0; teamID='89RZ5JATKM', teamName='Wiselytransfer Inc', teamType='Company', username='pong-ka@hotmail.com', isFreeProvisioningTeam='0'>'>
	<IDEDistributionContext: 0x7ff5b9e139b0; archive = '<IDEArchive: 0x7ff5b982d100>', distributionMethod='<IDEDistributionMethodiOSAppStoreDistribution: 0x7ff5b806aec0>', team='<IDEProvisioningDisambiguatableBasicTeam: 0x7ff5b8ad9bf0; teamID='89RZ5JATKM', teamName='Wiselytransfer Inc', teamType='Company', username='pong-ka@hotmail.com', isFreeProvisioningTeam='0'>'>
	<IDEDistributionContext: 0x7ff5b9aafda0; archive = '<IDEArchive: 0x7ff5b982d100>', distributionMethod='<IDEDistributionMethodiOSAppStoreDistribution: 0x7ff5b806aec0>', team='<IDEProvisioningDisambiguatableBasicTeam: 0x7ff5b8ad9bf0; teamID='89RZ5JATKM', teamName='Wiselytransfer Inc', teamType='Company', username='pong-ka@hotmail.com', isFreeProvisioningTeam='0'>'>
	<IDEDistributionContext: 0x7ff5b9e30b30; archive = '<IDEArchive: 0x7ff5b982d100>', distributionMethod='<IDEDistributionMethodiOSAppStoreDistribution: 0x7ff5b806aec0>', team='(null)'>
	<IDEDistributionContext: 0x7ff5b8057910; archive = '<IDEArchive: 0x7ff5b982d100>', distributionMethod='<IDEDistributionMethodiOSAppStoreDistribution: 0x7ff5b806aec0>', team='(null)'>
	<IDEDistributionContext: 0x7ff5b8aa85a0; archive = '<IDEArchive: 0x7ff5b982d100>', distributionMethod='(null)', team='(null)'>
</IDEDistributionProcessingPipelineContext: 0x7ff5b9833c10>
2018-10-01 05:02:23 +0000  Processing step: IDEDistributionCreateDestRootStep
2018-10-01 05:02:23 +0000  Processing step: IDEDistributionCopyItemStep
2018-10-01 05:02:23 +0000  Running /usr/bin/ditto '-V' '/Users/phoenix/Library/Developer/Xcode/Archives/2561-10-01/ddcar 1-10-2561 BE 12.00.xcarchive/Products/Applications/ddcar.app' '/var/folders/8k/94ppc5ln33z6tmhq31xp39zr0000gn/T/XcodeDistPipeline.MUj/Root/Payload/ddcar.app'
2018-10-01 05:02:23 +0000  >>> Copying /Users/phoenix/Library/Developer/Xcode/Archives/2561-10-01/ddcar 1-10-2561 BE 12.00.xcarchive/Products/Applications/ddcar.app 
2018-10-01 05:02:23 +0000  copying file ./_CodeSignature/CodeResources ... 
2018-10-01 05:02:23 +0000  64125 bytes for ./_CodeSignature/CodeResources
copying file ./scannerOverlay.nib ... 
2018-10-01 05:02:23 +0000  1462 bytes for ./scannerOverlay.nib
copying file ./LaunchImage@2x.png ... 
2018-10-01 05:02:23 +0000  58820 bytes for ./LaunchImage@2x.png
2018-10-01 05:02:23 +0000  copying file ./AppIcon20x20@2x.png ... 
2018-10-01 05:02:23 +0000  2513 bytes for ./AppIcon20x20@2x.png
2018-10-01 05:02:23 +0000  copying file ./MainViewController.nib ... 
2018-10-01 05:02:23 +0000  943 bytes for ./MainViewController.nib
2018-10-01 05:02:23 +0000  copying file ./AppIcon57x57.png ... 
2018-10-01 05:02:23 +0000  4641 bytes for ./AppIcon57x57.png
2018-10-01 05:02:23 +0000  copying file ./AppIcon20x20@3x.png ... 
2018-10-01 05:02:23 +0000  3708 bytes for ./AppIcon20x20@3x.png
2018-10-01 05:02:23 +0000  copying file ./AppIcon29x29.png ... 
2018-10-01 05:02:23 +0000  1681 bytes for ./AppIcon29x29.png
2018-10-01 05:02:23 +0000  copying file ./AppIcon60x60@2x.png ... 
2018-10-01 05:02:23 +0000  8715 bytes for ./AppIcon60x60@2x.png
2018-10-01 05:02:23 +0000  copying file ./AppIcon72x72@2x~ipad.png ... 
2018-10-01 05:02:23 +0000  15241 bytes for ./AppIcon72x72@2x~ipad.png
2018-10-01 05:02:23 +0000  copying file ./DatePicker.nib ... 
2018-10-01 05:02:23 +0000  4729 bytes for ./DatePicker.nib
2018-10-01 05:02:23 +0000  copying file ./AppIcon29x29@2x.png ... 
2018-10-01 05:02:23 +0000  3649 bytes for ./AppIcon29x29@2x.png
2018-10-01 05:02:23 +0000  copying file ./LaunchImage-800-667h@2x.png ... 
2018-10-01 05:02:23 +0000  86475 bytes for ./LaunchImage-800-667h@2x.png
2018-10-01 05:02:23 +0000  copying file ./AppIcon40x40@3x.png ... 
2018-10-01 05:02:23 +0000  8715 bytes for ./AppIcon40x40@3x.png
2018-10-01 05:02:23 +0000  copying file ./AppIcon57x57@2x.png ... 
2018-10-01 05:02:23 +0000  11338 bytes for ./AppIcon57x57@2x.png
2018-10-01 05:02:23 +0000  copying file ./AppIcon29x29~ipad.png ... 
2018-10-01 05:02:23 +0000  1681 bytes for ./AppIcon29x29~ipad.png
2018-10-01 05:02:23 +0000  copying file ./AppIcon40x40@2x.png ... 
2018-10-01 05:02:23 +0000  5413 bytes for ./AppIcon40x40@2x.png
copying file ./AppIcon29x29@3x.png ... 
2018-10-01 05:02:23 +0000  6070 bytes for ./AppIcon29x29@3x.png
copying file ./AppIcon60x60@3x.png ... 
2018-10-01 05:02:23 +0000  14693 bytes for ./AppIcon60x60@3x.png
copying file ./config.xml ... 
2018-10-01 05:02:23 +0000  3712 bytes for ./config.xml
2018-10-01 05:02:23 +0000  copying file ./www/print_qr.html ... 
2018-10-01 05:02:23 +0000  5382 bytes for ./www/print_qr.html
2018-10-01 05:02:23 +0000  copying file ./www/select_folder.html ... 
2018-10-01 05:02:23 +0000  29879 bytes for ./www/select_folder.html
2018-10-01 05:02:23 +0000  copying file ./www/show_pic.html ... 
2018-10-01 05:02:23 +0000  3852 bytes for ./www/show_pic.html
2018-10-01 05:02:23 +0000  copying file ./www/edit_prod.html ... 
2018-10-01 05:02:23 +0000  14309 bytes for ./www/edit_prod.html
2018-10-01 05:02:23 +0000  copying file ./www/update.html ... 
2018-10-01 05:02:23 +0000  5627 bytes for ./www/update.html
2018-10-01 05:02:23 +0000  copying file ./www/index.html ... 
2018-10-01 05:02:23 +0000  15098 bytes for ./www/index.html
2018-10-01 05:02:23 +0000  copying file ./www/web_stock_kit.html ... 
2018-10-01 05:02:23 +0000  7937 bytes for ./www/web_stock_kit.html
2018-10-01 05:02:23 +0000  copying file ./www/cordova.js ... 
2018-10-01 05:02:23 +0000  78127 bytes for ./www/cordova.js
2018-10-01 05:02:23 +0000  copying file ./www/css/easy-loading.css ... 
2018-10-01 05:02:23 +0000  55585 bytes for ./www/css/easy-loading.css
2018-10-01 05:02:23 +0000  copying file ./www/css/easy-autocomplete.min.css ... 
2018-10-01 05:02:23 +0000  8100 bytes for ./www/css/easy-autocomplete.min.css
2018-10-01 05:02:23 +0000  copying file ./www/css/index.css ... 
2018-10-01 05:02:23 +0000  4695 bytes for ./www/css/index.css
2018-10-01 05:02:23 +0000  copying file ./www/css/untitled.css ... 
2018-10-01 05:02:23 +0000  1401 bytes for ./www/css/untitled.css
2018-10-01 05:02:23 +0000  copying file ./www/css/pic.css ... 
2018-10-01 05:02:23 +0000  312 bytes for ./www/css/pic.css
2018-10-01 05:02:23 +0000  copying file ./www/css/loading.css ... 
2018-10-01 05:02:23 +0000  575 bytes for ./www/css/loading.css
2018-10-01 05:02:23 +0000  copying file ./www/css/jquery-confirm.css ... 
2018-10-01 05:02:23 +0000  28730 bytes for ./www/css/jquery-confirm.css
2018-10-01 05:02:23 +0000  copying file ./www/css/popup.css ... 
2018-10-01 05:02:23 +0000  1144 bytes for ./www/css/popup.css
copying file ./www/css/web_folder.css ... 
2018-10-01 05:02:23 +0000  1297 bytes for ./www/css/web_folder.css
2018-10-01 05:02:23 +0000  copying file ./www/css/duDatepicker.css ... 
2018-10-01 05:02:23 +0000  7805 bytes for ./www/css/duDatepicker.css
2018-10-01 05:02:23 +0000  copying file ./www/css/easy-autocomplete.themes.min.css ... 
2018-10-01 05:02:23 +0000  5266 bytes for ./www/css/easy-autocomplete.themes.min.css
2018-10-01 05:02:23 +0000  copying file ./www/customer.html ... 
2018-10-01 05:02:23 +0000  8381 bytes for ./www/customer.html
2018-10-01 05:02:23 +0000  copying file ./www/transfer_in.html ... 
2018-10-01 05:02:23 +0000  24038 bytes for ./www/transfer_in.html
2018-10-01 05:02:23 +0000  copying file ./www/plugins/cordova-plugin-datepicker/www/ios/DatePicker.js ... 
2018-10-01 05:02:23 +0000  3772 bytes for ./www/plugins/cordova-plugin-datepicker/www/ios/DatePicker.js
copying file ./www/plugins/es6-promise-plugin/www/promise.js ... 
2018-10-01 05:02:23 +0000  9479 bytes for ./www/plugins/es6-promise-plugin/www/promise.js
2018-10-01 05:02:23 +0000  copying file ./www/plugins/cordova-plugin-printer/www/printer.js ... 
2018-10-01 05:02:23 +0000  4961 bytes for ./www/plugins/cordova-plugin-printer/www/printer.js
2018-10-01 05:02:23 +0000  copying file ./www/plugins/com.telerik.plugins.nativepagetransitions/www/NativePageTransitions.js ... 
2018-10-01 05:02:23 +0000  6944 bytes for ./www/plugins/com.telerik.plugins.nativepagetransitions/www/NativePageTransitions.js
2018-10-01 05:02:23 +0000  copying file ./www/plugins/cordova-plugin-device/www/device.js ... 
3070 bytes for ./www/plugins/cordova-plugin-device/www/device.js
2018-10-01 05:02:23 +0000  copying file ./www/plugins/cordova-plugin-fullscreen/www/AndroidFullScreen.js ... 
2018-10-01 05:02:23 +0000  2563 bytes for ./www/plugins/cordova-plugin-fullscreen/www/AndroidFullScreen.js
2018-10-01 05:02:23 +0000  copying file ./www/plugins/phonegap-plugin-barcodescanner/www/barcodescanner.js ... 
2018-10-01 05:02:23 +0000  5020 bytes for ./www/plugins/phonegap-plugin-barcodescanner/www/barcodescanner.js
2018-10-01 05:02:23 +0000  copying file ./www/plugins/cordova-plugin-camera/www/CameraPopoverOptions.js ... 
2296 bytes for ./www/plugins/cordova-plugin-camera/www/CameraPopoverOptions.js
2018-10-01 05:02:23 +0000  copying file ./www/plugins/cordova-plugin-camera/www/ios/CameraPopoverHandle.js ... 
2018-10-01 05:02:23 +0000  2271 bytes for ./www/plugins/cordova-plugin-camera/www/ios/CameraPopoverHandle.js
2018-10-01 05:02:23 +0000  copying file ./www/plugins/cordova-plugin-camera/www/CameraConstants.js ... 
3488 bytes for ./www/plugins/cordova-plugin-camera/www/CameraConstants.js
copying file ./www/plugins/cordova-plugin-camera/www/Camera.js ... 
2018-10-01 05:02:23 +0000  7994 bytes for ./www/plugins/cordova-plugin-camera/www/Camera.js
2018-10-01 05:02:23 +0000  copying file ./www/plugins/cordova-plugin-screen-orientation/www/screenorientation.js ... 
2018-10-01 05:02:23 +0000  5012 bytes for ./www/plugins/cordova-plugin-screen-orientation/www/screenorientation.js
2018-10-01 05:02:23 +0000  copying file ./www/js/transition.js ... 
2018-10-01 05:02:23 +0000  5629 bytes for ./www/js/transition.js
copying file ./www/js/jquery-3.3.1.min.js ... 
2018-10-01 05:02:23 +0000  86926 bytes for ./www/js/jquery-3.3.1.min.js
2018-10-01 05:02:23 +0000  copying file ./www/js/qrcode.min.js ... 
2018-10-01 05:02:23 +0000  19927 bytes for ./www/js/qrcode.min.js
2018-10-01 05:02:23 +0000  copying file ./www/js/jquery.easy-autocomplete.js ... 
2018-10-01 05:02:23 +0000  34899 bytes for ./www/js/jquery.easy-autocomplete.js
copying file ./www/js/jquery-ui.min.js ... 
2018-10-01 05:02:23 +0000  253669 bytes for ./www/js/jquery-ui.min.js
2018-10-01 05:02:23 +0000  copying file ./www/js/qrcode.js ... 
2018-10-01 05:02:23 +0000  33168 bytes for ./www/js/qrcode.js
2018-10-01 05:02:23 +0000  copying file ./www/js/jquery.easing.1.3.min.js ... 
2018-10-01 05:02:23 +0000  8069 bytes for ./www/js/jquery.easing.1.3.min.js
2018-10-01 05:02:23 +0000  copying file ./www/js/jquery.alphanumeric.js ... 
1452 bytes for ./www/js/jquery.alphanumeric.js
copying file ./www/js/jquery.touchSwipe.min.js ... 
2018-10-01 05:02:23 +0000  20430 bytes for ./www/js/jquery.touchSwipe.min.js
copying file ./www/js/jquery-confirm.js ... 
2018-10-01 05:02:23 +0000  50289 bytes for ./www/js/jquery-confirm.js
2018-10-01 05:02:23 +0000  copying file ./www/js/easy-loading.js ... 
2018-10-01 05:02:23 +0000  10132 bytes for ./www/js/easy-loading.js
2018-10-01 05:02:23 +0000  copying file ./www/js/lightbox.js ... 
2018-10-01 05:02:23 +0000  18089 bytes for ./www/js/lightbox.js
2018-10-01 05:02:23 +0000  copying file ./www/js/jQuery.print.js ... 
2018-10-01 05:02:23 +0000  9723 bytes for ./www/js/jQuery.print.js
copying file ./www/js/jquery.transit.min.js ... 
2018-10-01 05:02:23 +0000  7830 bytes for ./www/js/jquery.transit.min.js
2018-10-01 05:02:23 +0000  copying file ./www/js/duDatepicker.js ... 
2018-10-01 05:02:23 +0000  27697 bytes for ./www/js/duDatepicker.js
copying file ./www/js/scanqr.js ... 
2018-10-01 05:02:23 +0000  4653 bytes for ./www/js/scanqr.js
2018-10-01 05:02:23 +0000  copying file ./www/manage_credit.html ... 
2018-10-01 05:02:23 +0000  9761 bytes for ./www/manage_credit.html
2018-10-01 05:02:23 +0000  copying file ./www/h.html ... 
2018-10-01 05:02:23 +0000  2689 bytes for ./www/h.html
copying file ./www/test_print.html ... 
2018-10-01 05:02:23 +0000  9865 bytes for ./www/test_print.html
copying file ./www/sale_info.html ... 
2018-10-01 05:02:23 +0000  46231 bytes for ./www/sale_info.html
copying file ./www/set_threshold.html ... 
2018-10-01 05:02:23 +0000  16823 bytes for ./www/set_threshold.html
copying file ./www/customer_add.html ... 
2018-10-01 05:02:23 +0000  8037 bytes for ./www/customer_add.html
2018-10-01 05:02:23 +0000  copying file ./www/web_credit.html ... 
2018-10-01 05:02:23 +0000  20576 bytes for ./www/web_credit.html
2018-10-01 05:02:23 +0000  copying file ./www/a4_front.html ... 
2018-10-01 05:02:23 +0000  13156 bytes for ./www/a4_front.html
2018-10-01 05:02:23 +0000  copying file ./www/register.html ... 
2018-10-01 05:02:23 +0000  7455 bytes for ./www/register.html
2018-10-01 05:02:23 +0000  copying file ./www/import_info.html ... 
2018-10-01 05:02:23 +0000  16532 bytes for ./www/import_info.html
copying file ./www/threshold.html ... 
2018-10-01 05:02:23 +0000  8401 bytes for ./www/threshold.html
2018-10-01 05:02:23 +0000  copying file ./www/login.html ... 
2018-10-01 05:02:23 +0000  5655 bytes for ./www/login.html
copying file ./www/web_login.html ... 
2018-10-01 05:02:23 +0000  5970 bytes for ./www/web_login.html
copying file ./www/customer_show.html ... 
2018-10-01 05:02:23 +0000  13766 bytes for ./www/customer_show.html
2018-10-01 05:02:23 +0000  copying file ./www/php/rename_cus.php ... 
491 bytes for ./www/php/rename_cus.php
copying file ./www/php/get_lastV.php ... 
2018-10-01 05:02:23 +0000  320 bytes for ./www/php/get_lastV.php
2018-10-01 05:02:23 +0000  copying file ./www/php/get_cus.php ... 
2018-10-01 05:02:23 +0000  417 bytes for ./www/php/get_cus.php
2018-10-01 05:02:23 +0000  copying file ./www/php/save_credit.php ... 
2018-10-01 05:02:23 +0000  3060 bytes for ./www/php/save_credit.php
copying file ./www/php/update_bell.php ... 
2018-10-01 05:02:23 +0000  231 bytes for ./www/php/update_bell.php
2018-10-01 05:02:23 +0000  copying file ./www/php/delete_cus.php ... 
2018-10-01 05:02:23 +0000  581 bytes for ./www/php/delete_cus.php
copying file ./www/php/get_status_prod.php ... 
2018-10-01 05:02:23 +0000  1189 bytes for ./www/php/get_status_prod.php
2018-10-01 05:02:23 +0000  copying file ./www/php/rename_user.php ... 
2018-10-01 05:02:23 +0000  358 bytes for ./www/php/rename_user.php
2018-10-01 05:02:23 +0000  copying file ./www/php/login.php ... 
2018-10-01 05:02:23 +0000  532 bytes for ./www/php/login.php
2018-10-01 05:02:23 +0000  copying file ./www/php/get_credit.php ... 
2018-10-01 05:02:23 +0000  660 bytes for ./www/php/get_credit.php
2018-10-01 05:02:23 +0000  copying file ./www/php/rename_ware_shop.php ... 
2018-10-01 05:02:23 +0000  831 bytes for ./www/php/rename_ware_shop.php
2018-10-01 05:02:23 +0000  copying file ./www/php/get_shift_bill.php ... 
2018-10-01 05:02:23 +0000  717 bytes for ./www/php/get_shift_bill.php
2018-10-01 05:02:23 +0000  copying file ./www/php/get_threshold.php ... 
2018-10-01 05:02:23 +0000  524 bytes for ./www/php/get_threshold.php
2018-10-01 05:02:23 +0000  copying file ./www/php/update_threshold.php ... 
2018-10-01 05:02:23 +0000  397 bytes for ./www/php/update_threshold.php
2018-10-01 05:02:23 +0000  copying file ./www/php/get_ware.php ... 
2018-10-01 05:02:23 +0000  844 bytes for ./www/php/get_ware.php
2018-10-01 05:02:23 +0000  copying file ./www/php/get_allprod.php ... 
2018-10-01 05:02:23 +0000  428 bytes for ./www/php/get_allprod.php
2018-10-01 05:02:23 +0000  copying file ./www/php/get_folder.php ... 
2018-10-01 05:02:23 +0000  1768 bytes for ./www/php/get_folder.php
2018-10-01 05:02:23 +0000  copying file ./www/php/delete_user.php ... 
2018-10-01 05:02:23 +0000  299 bytes for ./www/php/delete_user.php
2018-10-01 05:02:23 +0000  copying file ./www/php/delete_import.php ... 
2018-10-01 05:02:23 +0000  1151 bytes for ./www/php/delete_import.php
2018-10-01 05:02:23 +0000  copying file ./www/php/get_sale.php ... 
2018-10-01 05:02:23 +0000  1088 bytes for ./www/php/get_sale.php
2018-10-01 05:02:23 +0000  copying file ./www/php/get_bell.php ... 
2018-10-01 05:02:23 +0000  323 bytes for ./www/php/get_bell.php
2018-10-01 05:02:23 +0000  copying file ./www/php/get_user.php ... 
2018-10-01 05:02:23 +0000  455 bytes for ./www/php/get_user.php
2018-10-01 05:02:23 +0000  copying file ./www/php/get_shop.php ... 
2018-10-01 05:02:23 +0000  834 bytes for ./www/php/get_shop.php
2018-10-01 05:02:23 +0000  copying file ./www/php/search_cus.php ... 
2018-10-01 05:02:23 +0000  478 bytes for ./www/php/search_cus.php
2018-10-01 05:02:23 +0000  copying file ./www/php/register.php ... 
2018-10-01 05:02:23 +0000  488 bytes for ./www/php/register.php
2018-10-01 05:02:23 +0000  copying file ./www/php/add_folder.php ... 
2018-10-01 05:02:23 +0000  1749 bytes for ./www/php/add_folder.php
2018-10-01 05:02:23 +0000  copying file ./www/php/add_ware_shop.php ... 
2018-10-01 05:02:23 +0000  500 bytes for ./www/php/add_ware_shop.php
2018-10-01 05:02:23 +0000  copying file ./www/php/delete_ware_shop.php ... 
2018-10-01 05:02:23 +0000  1205 bytes for ./www/php/delete_ware_shop.php
2018-10-01 05:02:23 +0000  copying file ./www/php/transfer_in.php ... 
2018-10-01 05:02:23 +0000  2054 bytes for ./www/php/transfer_in.php
2018-10-01 05:02:23 +0000  copying file ./www/php/get_amt_prod.php ... 
2018-10-01 05:02:23 +0000  797 bytes for ./www/php/get_amt_prod.php
2018-10-01 05:02:23 +0000  copying file ./www/php/rename_folder.php ... 
2018-10-01 05:02:23 +0000  346 bytes for ./www/php/rename_folder.php
2018-10-01 05:02:23 +0000  copying file ./www/php/search_sale.php ... 
2018-10-01 05:02:23 +0000  1002 bytes for ./www/php/search_sale.php
2018-10-01 05:02:23 +0000  copying file ./www/php/get_bill_info.php ... 
2018-10-01 05:02:23 +0000  1419 bytes for ./www/php/get_bill_info.php
2018-10-01 05:02:23 +0000  copying file ./www/php/stock_out.php ... 
2018-10-01 05:02:23 +0000  3266 bytes for ./www/php/stock_out.php
2018-10-01 05:02:23 +0000  copying file ./www/php/get_import.php ... 
2018-10-01 05:02:23 +0000  1559 bytes for ./www/php/get_import.php
2018-10-01 05:02:23 +0000  copying file ./www/php/test.php ... 
2018-10-01 05:02:23 +0000  377 bytes for ./www/php/test.php
2018-10-01 05:02:23 +0000  copying file ./www/php/rename_bill.php ... 
2018-10-01 05:02:23 +0000  7727 bytes for ./www/php/rename_bill.php
2018-10-01 05:02:23 +0000  copying file ./www/php/db.php ... 
2018-10-01 05:02:23 +0000  115 bytes for ./www/php/db.php
2018-10-01 05:02:23 +0000  copying file ./www/php/update_prod.php ... 
2018-10-01 05:02:23 +0000  479 bytes for ./www/php/update_prod.php
2018-10-01 05:02:23 +0000  copying file ./www/php/delete_folder.php ... 
2018-10-01 05:02:23 +0000  1435 bytes for ./www/php/delete_folder.php
2018-10-01 05:02:23 +0000  copying file ./www/php/save_order.php ... 
2018-10-01 05:02:23 +0000  7526 bytes for ./www/php/save_order.php
2018-10-01 05:02:23 +0000  copying file ./www/php/check_amt_prod.php ... 
2018-10-01 05:02:23 +0000  2225 bytes for ./www/php/check_amt_prod.php
2018-10-01 05:02:23 +0000  copying file ./www/php/get_prod.php ... 
2018-10-01 05:02:23 +0000  624 bytes for ./www/php/get_prod.php
2018-10-01 05:02:23 +0000  copying file ./www/php/delete_bill.php ... 
2018-10-01 05:02:23 +0000  1430 bytes for ./www/php/delete_bill.php
copying file ./www/php/back_folder.php ... 
2018-10-01 05:02:23 +0000  626 bytes for ./www/php/back_folder.php
2018-10-01 05:02:23 +0000  copying file ./www/php/delete_threshold.php ... 
2018-10-01 05:02:23 +0000  340 bytes for ./www/php/delete_threshold.php
2018-10-01 05:02:23 +0000  copying file ./www/php/update_credit_auto.php ... 
2018-10-01 05:02:23 +0000  1115 bytes for ./www/php/update_credit_auto.php
2018-10-01 05:02:23 +0000  copying file ./www/php/get_bill.php ... 
2018-10-01 05:02:23 +0000  1543 bytes for ./www/php/get_bill.php
2018-10-01 05:02:23 +0000  copying file ./www/php/get_ware_shop.php ... 
2018-10-01 05:02:23 +0000  821 bytes for ./www/php/get_ware_shop.php
2018-10-01 05:02:23 +0000  copying file ./www/php/add_prod_noimg.php ... 
2018-10-01 05:02:23 +0000  1705 bytes for ./www/php/add_prod_noimg.php
2018-10-01 05:02:23 +0000  copying file ./www/php/rename_import.php ... 
2018-10-01 05:02:23 +0000  3878 bytes for ./www/php/rename_import.php
2018-10-01 05:02:23 +0000  copying file ./www/php/add_prod.php ... 
2018-10-01 05:02:23 +0000  1823 bytes for ./www/php/add_prod.php
2018-10-01 05:02:23 +0000  copying file ./www/php/get_detail_cus.php ... 
2018-10-01 05:02:23 +0000  808 bytes for ./www/php/get_detail_cus.php
2018-10-01 05:02:23 +0000  copying file ./www/php/add_cus.php ... 
2018-10-01 05:02:23 +0000  433 bytes for ./www/php/add_cus.php
2018-10-01 05:02:23 +0000  copying file ./www/php/delete_prod.php ... 
1680 bytes for ./www/php/delete_prod.php
copying file ./www/php/get_place.php ... 
764 bytes for ./www/php/get_place.php
copying file ./www/php/get_credit_info.php ... 
1271 bytes for ./www/php/get_credit_info.php
copying file ./www/php/stock_in.php ... 
2018-10-01 05:02:23 +0000  6204 bytes for ./www/php/stock_in.php
2018-10-01 05:02:23 +0000  copying file ./www/php/search_prod.php ... 
2018-10-01 05:02:23 +0000  500 bytes for ./www/php/search_prod.php
2018-10-01 05:02:23 +0000  copying file ./www/php/get_import_info.php ... 
2018-10-01 05:02:23 +0000  771 bytes for ./www/php/get_import_info.php
2018-10-01 05:02:23 +0000  copying file ./www/php/rename_prod.php ... 
2018-10-01 05:02:23 +0000  939 bytes for ./www/php/rename_prod.php
2018-10-01 05:02:23 +0000  copying file ./www/web_select.html ... 
2018-10-01 05:02:23 +0000  4711 bytes for ./www/web_select.html
2018-10-01 05:02:23 +0000  copying file ./www/img/logo.jpg ... 
2018-10-01 05:02:23 +0000  38424 bytes for ./www/img/logo.jpg
2018-10-01 05:02:23 +0000  copying file ./www/img/no_img.png ... 
2018-10-01 05:02:23 +0000  1833 bytes for ./www/img/no_img.png
2018-10-01 05:02:23 +0000  copying file ./www/import_check.html ... 
2018-10-01 05:02:23 +0000  16618 bytes for ./www/import_check.html
copying file ./www/manage_salesum.html ... 
2018-10-01 05:02:23 +0000  6984 bytes for ./www/manage_salesum.html
copying file ./www/web_folder.html ... 
2018-10-01 05:02:23 +0000  20867 bytes for ./www/web_folder.html
copying file ./www/select_cus.html ... 
2018-10-01 05:02:23 +0000  5314 bytes for ./www/select_cus.html
copying file ./www/a4.html ... 
2018-10-01 05:02:23 +0000  17236 bytes for ./www/a4.html
2018-10-01 05:02:23 +0000  copying file ./www/show_credit.html ... 
2018-10-01 05:02:23 +0000  14553 bytes for ./www/show_credit.html
2018-10-01 05:02:23 +0000  copying file ./www/web_export.html ... 
2018-10-01 05:02:23 +0000  26333 bytes for ./www/web_export.html
2018-10-01 05:02:23 +0000  copying file ./www/web_sale.html ... 
2018-10-01 05:02:23 +0000  65018 bytes for ./www/web_sale.html
copying file ./www/import.html ... 
2018-10-01 05:02:23 +0000  30397 bytes for ./www/import.html
2018-10-01 05:02:23 +0000  copying file ./www/cordova-js-src/exec.js ... 
2018-10-01 05:02:23 +0000  8877 bytes for ./www/cordova-js-src/exec.js
2018-10-01 05:02:23 +0000  copying file ./www/cordova-js-src/plugin/ios/logger.js ... 
2018-10-01 05:02:23 +0000  10233 bytes for ./www/cordova-js-src/plugin/ios/logger.js
copying file ./www/cordova-js-src/plugin/ios/console.js ... 
2018-10-01 05:02:23 +0000  6822 bytes for ./www/cordova-js-src/plugin/ios/console.js
2018-10-01 05:02:23 +0000  copying file ./www/cordova-js-src/platform.js ... 
1168 bytes for ./www/cordova-js-src/platform.js
copying file ./www/clone_index.html ... 
2018-10-01 05:02:23 +0000  11949 bytes for ./www/clone_index.html
2018-10-01 05:02:23 +0000  copying file ./www/member.html ... 
2018-10-01 05:02:23 +0000  9951 bytes for ./www/member.html
2018-10-01 05:02:23 +0000  copying file ./www/show_prod.html ... 
2018-10-01 05:02:23 +0000  6452 bytes for ./www/show_prod.html
copying file ./www/manage_bill.html ... 
2018-10-01 05:02:23 +0000  13375 bytes for ./www/manage_bill.html
2018-10-01 05:02:23 +0000  copying file ./www/other.html ... 
4002 bytes for ./www/other.html
copying file ./www/manage_import.html ... 
2018-10-01 05:02:23 +0000  13201 bytes for ./www/manage_import.html
2018-10-01 05:02:23 +0000  copying file ./www/cordova_plugins.js ... 
3327 bytes for ./www/cordova_plugins.js
copying file ./www/web_qrprint.html ... 
2018-10-01 05:02:23 +0000  20821 bytes for ./www/web_qrprint.html
2018-10-01 05:02:23 +0000  copying file ./www/stock.html ... 
2018-10-01 05:02:23 +0000  10588 bytes for ./www/stock.html
2018-10-01 05:02:23 +0000  copying file ./www/web_stock.html ... 
2018-10-01 05:02:23 +0000  12529 bytes for ./www/web_stock.html
2018-10-01 05:02:23 +0000  copying file ./www/sale.html ... 
2018-10-01 05:02:23 +0000  28258 bytes for ./www/sale.html
copying file ./www/warehouse_add.html ... 
2018-10-01 05:02:23 +0000  6728 bytes for ./www/warehouse_add.html
copying file ./www/web_import.html ... 
2018-10-01 05:02:23 +0000  38024 bytes for ./www/web_import.html
2018-10-01 05:02:23 +0000  copying file ./www/add_prod.html ... 
2018-10-01 05:02:23 +0000  14412 bytes for ./www/add_prod.html
2018-10-01 05:02:23 +0000  copying file ./www/bell.html ... 
2018-10-01 05:02:23 +0000  8982 bytes for ./www/bell.html
2018-10-01 05:02:23 +0000  copying file ./www/export.html ... 
2018-10-01 05:02:23 +0000  21596 bytes for ./www/export.html
2018-10-01 05:02:23 +0000  copying file ./www/transfer_in_check.html ... 
2018-10-01 05:02:23 +0000  13882 bytes for ./www/transfer_in_check.html
2018-10-01 05:02:23 +0000  copying file ./www/bill_info.html ... 
2018-10-01 05:02:23 +0000  25740 bytes for ./www/bill_info.html
2018-10-01 05:02:23 +0000  copying file ./www/warehouse.html ... 
2018-10-01 05:02:23 +0000  11739 bytes for ./www/warehouse.html
2018-10-01 05:02:23 +0000  copying file ./www/sale_check.html ... 
2018-10-01 05:02:23 +0000  18401 bytes for ./www/sale_check.html
2018-10-01 05:02:23 +0000  copying file ./www/export_check.html ... 
2018-10-01 05:02:23 +0000  16949 bytes for ./www/export_check.html
2018-10-01 05:02:23 +0000  copying file ./Assets.car ... 
2018-10-01 05:02:23 +0000  192664 bytes for ./Assets.car
2018-10-01 05:02:23 +0000  copying file ./AppIcon40x40@2x~ipad.png ... 
2018-10-01 05:02:23 +0000  5413 bytes for ./AppIcon40x40@2x~ipad.png
2018-10-01 05:02:23 +0000  copying file ./AppIcon76x76@2x~ipad.png ... 
2018-10-01 05:02:23 +0000  11665 bytes for ./AppIcon76x76@2x~ipad.png
2018-10-01 05:02:23 +0000  copying file ./LaunchImage-800-Portrait-736h@3x.png ... 
2018-10-01 05:02:23 +0000  217414 bytes for ./LaunchImage-800-Portrait-736h@3x.png
2018-10-01 05:02:23 +0000  copying file ./AppIcon72x72~ipad.png ... 
2018-10-01 05:02:23 +0000  6576 bytes for ./AppIcon72x72~ipad.png
2018-10-01 05:02:23 +0000  copying file ./CDVLaunchScreen.storyboardc/01J-lp-oVM-view-Ze5-6b-2t3.nib ... 
2018-10-01 05:02:23 +0000  2283 bytes for ./CDVLaunchScreen.storyboardc/01J-lp-oVM-view-Ze5-6b-2t3.nib
2018-10-01 05:02:23 +0000  copying file ./CDVLaunchScreen.storyboardc/UIViewController-01J-lp-oVM.nib ... 
2018-10-01 05:02:23 +0000  832 bytes for ./CDVLaunchScreen.storyboardc/UIViewController-01J-lp-oVM.nib
2018-10-01 05:02:23 +0000  copying file ./CDVLaunchScreen.storyboardc/Info.plist ... 
2018-10-01 05:02:23 +0000  258 bytes for ./CDVLaunchScreen.storyboardc/Info.plist
2018-10-01 05:02:23 +0000  copying file ./LaunchImage-700@2x.png ... 
2018-10-01 05:02:23 +0000  58820 bytes for ./LaunchImage-700@2x.png
2018-10-01 05:02:23 +0000  copying file ./ddcar ... 
2018-10-01 05:02:23 +0000  855200 bytes for ./ddcar
copying file ./AppIcon83.5x83.5@2x~ipad.png ... 
2018-10-01 05:02:23 +0000  13138 bytes for ./AppIcon83.5x83.5@2x~ipad.png
2018-10-01 05:02:23 +0000  copying file ./AppIcon50x50~ipad.png ... 
2018-10-01 05:02:23 +0000  3219 bytes for ./AppIcon50x50~ipad.png
2018-10-01 05:02:23 +0000  copying file ./AppIcon29x29@2x~ipad.png ... 
2018-10-01 05:02:23 +0000  3649 bytes for ./AppIcon29x29@2x~ipad.png
2018-10-01 05:02:23 +0000  copying file ./AppIcon50x50@2x~ipad.png ... 
2018-10-01 05:02:23 +0000  7176 bytes for ./AppIcon50x50@2x~ipad.png
2018-10-01 05:02:23 +0000  copying file ./AppIcon40x40~ipad.png ... 
2018-10-01 05:02:23 +0000  2513 bytes for ./AppIcon40x40~ipad.png
2018-10-01 05:02:23 +0000  copying file ./AppIcon20x20~ipad.png ... 
2018-10-01 05:02:23 +0000  1029 bytes for ./AppIcon20x20~ipad.png
copying file ./LaunchImage.png ... 
2018-10-01 05:02:23 +0000  16905 bytes for ./LaunchImage.png
2018-10-01 05:02:23 +0000  copying file ./LaunchImage-800-Landscape-736h@3x.png ... 
2018-10-01 05:02:23 +0000  209077 bytes for ./LaunchImage-800-Landscape-736h@3x.png
2018-10-01 05:02:23 +0000  copying file ./CDVBarcodeScanner.bundle/beep.caf ... 
2018-10-01 05:02:23 +0000  16020 bytes for ./CDVBarcodeScanner.bundle/beep.caf
2018-10-01 05:02:23 +0000  copying file ./CDVBarcodeScanner.bundle/torch.png ... 
2018-10-01 05:02:23 +0000  3173 bytes for ./CDVBarcodeScanner.bundle/torch.png
copying file ./CDVBarcodeScanner.bundle/torch@2x.png ... 
2018-10-01 05:02:23 +0000  3687 bytes for ./CDVBarcodeScanner.bundle/torch@2x.png
2018-10-01 05:02:23 +0000  copying file ./CDVBarcodeScanner.bundle/torch@3x.png ... 
2018-10-01 05:02:23 +0000  4302 bytes for ./CDVBarcodeScanner.bundle/torch@3x.png
2018-10-01 05:02:23 +0000  copying file ./AppIcon20x20@2x~ipad.png ... 
2018-10-01 05:02:23 +0000  2513 bytes for ./AppIcon20x20@2x~ipad.png
2018-10-01 05:02:23 +0000  copying file ./Info.plist ... 
2018-10-01 05:02:23 +0000  1995 bytes for ./Info.plist
2018-10-01 05:02:23 +0000  copying file ./PkgInfo ... 
2018-10-01 05:02:23 +0000  8 bytes for ./PkgInfo
2018-10-01 05:02:23 +0000  copying file ./AppIcon76x76~ipad.png ... 
2018-10-01 05:02:23 +0000  5209 bytes for ./AppIcon76x76~ipad.png
2018-10-01 05:02:23 +0000  /usr/bin/ditto exited with 0
2018-10-01 05:02:23 +0000  Processing step: IDEDistributionEmbedProfileStep
2018-10-01 05:02:23 +0000  Skipping profile for item: <IDEDistributionItem: 0x7ff5b9eb8ac0 'com.gitmew.ddcar' '<DVTFilePath:0x7ff5b9832c90:'/Users/phoenix/Library/Developer/Xcode/Archives/2561-10-01/ddcar 1-10-2561 BE 12.00.xcarchive/Products/Applications/ddcar.app'>'>
2018-10-01 05:02:23 +0000  Processing step: IDEDistributionItemRemovalStep
2018-10-01 05:02:23 +0000  Processing step: IDEDistributionAppThinningPlistStep
2018-10-01 05:02:23 +0000  Skipping step: IDEDistributionAppThinningPlistStep because it said so
2018-10-01 05:02:23 +0000  Processing step: IDEDistributionCompileBitcodeStep
2018-10-01 05:02:23 +0000  Skipping step: IDEDistributionCompileBitcodeStep because it said so
2018-10-01 05:02:23 +0000  Processing step: IDEDistributionCodeSlimmingStep
2018-10-01 05:02:23 +0000  Processing step: IDEDistributionCopyBCSymbolMapsStep
2018-10-01 05:02:24 +0000  Skipping step: IDEDistributionCopyBCSymbolMapsStep because it said so
2018-10-01 05:02:24 +0000  Processing step: IDEDistributionSymbolsStep
2018-10-01 05:02:24 +0000  Skipping step: IDEDistributionSymbolsStep because it said so
2018-10-01 05:02:24 +0000  Processing step: IDEDistributionCopyAppleProvidedContentStep
2018-10-01 05:02:24 +0000  Processing step: IDEDistributionAppThinningStep
2018-10-01 05:02:24 +0000  Skipping step: IDEDistributionAppThinningStep because it said so
2018-10-01 05:02:24 +0000  Processing step: IDEDistributionODRStep
2018-10-01 05:02:24 +0000  Processing step: IDEDistributionStripXattrsStep
2018-10-01 05:02:24 +0000  Running /usr/bin/xattr '-crs' '/var/folders/8k/94ppc5ln33z6tmhq31xp39zr0000gn/T/XcodeDistPipeline.MUj/Root/Payload/ddcar.app'
2018-10-01 05:02:24 +0000  /usr/bin/xattr exited with 0
2018-10-01 05:02:24 +0000  Processing step: IDEDistributionCodesignStep
2018-10-01 05:02:24 +0000  Entitlements for <IDEDistributionItem: 0x7ff5b9eb8ac0 'com.gitmew.ddcar' '<DVTFilePath:0x7ff5b9832c90:'/Users/phoenix/Library/Developer/Xcode/Archives/2561-10-01/ddcar 1-10-2561 BE 12.00.xcarchive/Products/Applications/ddcar.app'>'>: {
    "application-identifier" = "89RZ5JATKM.com.gitmew.ddcar";
    "com.apple.developer.team-identifier" = 89RZ5JATKM;
}
2018-10-01 05:02:24 +0000  Writing entitlements for <IDEDistributionItem: 0x7ff5b9eb8ac0 'com.gitmew.ddcar' '<DVTFilePath:0x7ff5b9832c90:'/Users/phoenix/Library/Developer/Xcode/Archives/2561-10-01/ddcar 1-10-2561 BE 12.00.xcarchive/Products/Applications/ddcar.app'>'> to: /var/folders/8k/94ppc5ln33z6tmhq31xp39zr0000gn/T/XcodeDistPipeline.MUj/entitlementsrpvxtG
2018-10-01 05:02:24 +0000  Running /usr/bin/codesign '-vvv' '--force' '--sign' '4F912F80308CE87429F33612D274F43A37541A2D' '--entitlements' '/var/folders/8k/94ppc5ln33z6tmhq31xp39zr0000gn/T/XcodeDistPipeline.MUj/entitlementsrpvxtG' '--preserve-metadata=identifier,flags,runtime' '/var/folders/8k/94ppc5ln33z6tmhq31xp39zr0000gn/T/XcodeDistPipeline.MUj/Root/Payload/ddcar.app'
2018-10-01 05:02:24 +0000  /var/folders/8k/94ppc5ln33z6tmhq31xp39zr0000gn/T/XcodeDistPipeline.MUj/Root/Payload/ddcar.app: replacing existing signature
2018-10-01 05:02:25 +0000  /var/folders/8k/94ppc5ln33z6tmhq31xp39zr0000gn/T/XcodeDistPipeline.MUj/Root/Payload/ddcar.app: signed app bundle with Mach-O universal (armv7 arm64) [com.gitmew.ddcar]
2018-10-01 05:02:25 +0000  /usr/bin/codesign exited with 0
2018-10-01 05:02:25 +0000  Processing step: IDEDistributionZipODRItemStep
2018-10-01 05:02:25 +0000  Skipping step: IDEDistributionZipODRItemStep because it said so
2018-10-01 05:02:25 +0000  Processing step: IDEDistributionCreateIPAStep
2018-10-01 05:02:25 +0000  Running /usr/bin/ditto '-V' '-c' '-k' '--norsrc' '/var/folders/8k/94ppc5ln33z6tmhq31xp39zr0000gn/T/XcodeDistPipeline.MUj/Root' '/var/folders/8k/94ppc5ln33z6tmhq31xp39zr0000gn/T/XcodeDistPipeline.MUj/Packages/ddcar.ipa'
2018-10-01 05:02:25 +0000  >>> Copying /var/folders/8k/94ppc5ln33z6tmhq31xp39zr0000gn/T/XcodeDistPipeline.MUj/Root 
2018-10-01 05:02:25 +0000  copying file ./Payload/ddcar.app/_CodeSignature/CodeResources ... 
2018-10-01 05:02:25 +0000  64125 bytes for ./Payload/ddcar.app/_CodeSignature/CodeResources
2018-10-01 05:02:25 +0000  copying file ./Payload/ddcar.app/scannerOverlay.nib ... 
1462 bytes for ./Payload/ddcar.app/scannerOverlay.nib
copying file ./Payload/ddcar.app/LaunchImage@2x.png ... 
2018-10-01 05:02:25 +0000  58820 bytes for ./Payload/ddcar.app/LaunchImage@2x.png
copying file ./Payload/ddcar.app/AppIcon20x20@2x.png ... 
2018-10-01 05:02:25 +0000  2513 bytes for ./Payload/ddcar.app/AppIcon20x20@2x.png
copying file ./Payload/ddcar.app/MainViewController.nib ... 
943 bytes for ./Payload/ddcar.app/MainViewController.nib
copying file ./Payload/ddcar.app/AppIcon57x57.png ... 
4641 bytes for ./Payload/ddcar.app/AppIcon57x57.png
copying file ./Payload/ddcar.app/AppIcon20x20@3x.png ... 
3708 bytes for ./Payload/ddcar.app/AppIcon20x20@3x.png
copying file ./Payload/ddcar.app/AppIcon29x29.png ... 
1681 bytes for ./Payload/ddcar.app/AppIcon29x29.png
copying file ./Payload/ddcar.app/AppIcon60x60@2x.png ... 
2018-10-01 05:02:25 +0000  8715 bytes for ./Payload/ddcar.app/AppIcon60x60@2x.png
2018-10-01 05:02:25 +0000  copying file ./Payload/ddcar.app/AppIcon72x72@2x~ipad.png ... 
2018-10-01 05:02:25 +0000  15241 bytes for ./Payload/ddcar.app/AppIcon72x72@2x~ipad.png
2018-10-01 05:02:25 +0000  copying file ./Payload/ddcar.app/DatePicker.nib ... 
4729 bytes for ./Payload/ddcar.app/DatePicker.nib
copying file ./Payload/ddcar.app/AppIcon29x29@2x.png ... 
3649 bytes for ./Payload/ddcar.app/AppIcon29x29@2x.png
copying file ./Payload/ddcar.app/LaunchImage-800-667h@2x.png ... 
2018-10-01 05:02:25 +0000  86475 bytes for ./Payload/ddcar.app/LaunchImage-800-667h@2x.png
2018-10-01 05:02:25 +0000  copying file ./Payload/ddcar.app/AppIcon40x40@3x.png ... 
8715 bytes for ./Payload/ddcar.app/AppIcon40x40@3x.png
copying file ./Payload/ddcar.app/AppIcon57x57@2x.png ... 
11338 bytes for ./Payload/ddcar.app/AppIcon57x57@2x.png
copying file ./Payload/ddcar.app/AppIcon29x29~ipad.png ... 
1681 bytes for ./Payload/ddcar.app/AppIcon29x29~ipad.png
copying file ./Payload/ddcar.app/AppIcon40x40@2x.png ... 
2018-10-01 05:02:25 +0000  5413 bytes for ./Payload/ddcar.app/AppIcon40x40@2x.png
2018-10-01 05:02:25 +0000  copying file ./Payload/ddcar.app/AppIcon29x29@3x.png ... 
2018-10-01 05:02:25 +0000  6070 bytes for ./Payload/ddcar.app/AppIcon29x29@3x.png
2018-10-01 05:02:25 +0000  copying file ./Payload/ddcar.app/AppIcon60x60@3x.png ... 
2018-10-01 05:02:25 +0000  14693 bytes for ./Payload/ddcar.app/AppIcon60x60@3x.png
2018-10-01 05:02:25 +0000  copying file ./Payload/ddcar.app/config.xml ... 
3712 bytes for ./Payload/ddcar.app/config.xml
2018-10-01 05:02:25 +0000  copying file ./Payload/ddcar.app/www/print_qr.html ... 
2018-10-01 05:02:25 +0000  5382 bytes for ./Payload/ddcar.app/www/print_qr.html
2018-10-01 05:02:25 +0000  copying file ./Payload/ddcar.app/www/select_folder.html ... 
2018-10-01 05:02:25 +0000  29879 bytes for ./Payload/ddcar.app/www/select_folder.html
2018-10-01 05:02:25 +0000  copying file ./Payload/ddcar.app/www/show_pic.html ... 
3852 bytes for ./Payload/ddcar.app/www/show_pic.html
copying file ./Payload/ddcar.app/www/edit_prod.html ... 
2018-10-01 05:02:25 +0000  14309 bytes for ./Payload/ddcar.app/www/edit_prod.html
copying file ./Payload/ddcar.app/www/update.html ... 
2018-10-01 05:02:25 +0000  5627 bytes for ./Payload/ddcar.app/www/update.html
copying file ./Payload/ddcar.app/www/index.html ... 
2018-10-01 05:02:25 +0000  15098 bytes for ./Payload/ddcar.app/www/index.html
2018-10-01 05:02:25 +0000  copying file ./Payload/ddcar.app/www/web_stock_kit.html ... 
2018-10-01 05:02:25 +0000  7937 bytes for ./Payload/ddcar.app/www/web_stock_kit.html
copying file ./Payload/ddcar.app/www/cordova.js ... 
2018-10-01 05:02:25 +0000  78127 bytes for ./Payload/ddcar.app/www/cordova.js
2018-10-01 05:02:25 +0000  copying file ./Payload/ddcar.app/www/css/easy-loading.css ... 
55585 bytes for ./Payload/ddcar.app/www/css/easy-loading.css
copying file ./Payload/ddcar.app/www/css/easy-autocomplete.min.css ... 
8100 bytes for ./Payload/ddcar.app/www/css/easy-autocomplete.min.css
copying file ./Payload/ddcar.app/www/css/index.css ... 
2018-10-01 05:02:25 +0000  4695 bytes for ./Payload/ddcar.app/www/css/index.css
copying file ./Payload/ddcar.app/www/css/untitled.css ... 
2018-10-01 05:02:25 +0000  1401 bytes for ./Payload/ddcar.app/www/css/untitled.css
2018-10-01 05:02:25 +0000  copying file ./Payload/ddcar.app/www/css/pic.css ... 
2018-10-01 05:02:25 +0000  312 bytes for ./Payload/ddcar.app/www/css/pic.css
copying file ./Payload/ddcar.app/www/css/loading.css ... 
2018-10-01 05:02:25 +0000  575 bytes for ./Payload/ddcar.app/www/css/loading.css
copying file ./Payload/ddcar.app/www/css/jquery-confirm.css ... 
2018-10-01 05:02:25 +0000  28730 bytes for ./Payload/ddcar.app/www/css/jquery-confirm.css
2018-10-01 05:02:25 +0000  copying file ./Payload/ddcar.app/www/css/popup.css ... 
1144 bytes for ./Payload/ddcar.app/www/css/popup.css
copying file ./Payload/ddcar.app/www/css/web_folder.css ... 
1297 bytes for ./Payload/ddcar.app/www/css/web_folder.css
copying file ./Payload/ddcar.app/www/css/duDatepicker.css ... 
7805 bytes for ./Payload/ddcar.app/www/css/duDatepicker.css
copying file ./Payload/ddcar.app/www/css/easy-autocomplete.themes.min.css ... 
5266 bytes for ./Payload/ddcar.app/www/css/easy-autocomplete.themes.min.css
copying file ./Payload/ddcar.app/www/customer.html ... 
2018-10-01 05:02:25 +0000  8381 bytes for ./Payload/ddcar.app/www/customer.html
2018-10-01 05:02:25 +0000  copying file ./Payload/ddcar.app/www/transfer_in.html ... 
2018-10-01 05:02:25 +0000  24038 bytes for ./Payload/ddcar.app/www/transfer_in.html
2018-10-01 05:02:25 +0000  copying file ./Payload/ddcar.app/www/plugins/cordova-plugin-datepicker/www/ios/DatePicker.js ... 
3772 bytes for ./Payload/ddcar.app/www/plugins/cordova-plugin-datepicker/www/ios/DatePicker.js
copying file ./Payload/ddcar.app/www/plugins/es6-promise-plugin/www/promise.js ... 
2018-10-01 05:02:25 +0000  9479 bytes for ./Payload/ddcar.app/www/plugins/es6-promise-plugin/www/promise.js
2018-10-01 05:02:25 +0000  copying file ./Payload/ddcar.app/www/plugins/cordova-plugin-printer/www/printer.js ... 
2018-10-01 05:02:25 +0000  4961 bytes for ./Payload/ddcar.app/www/plugins/cordova-plugin-printer/www/printer.js
2018-10-01 05:02:25 +0000  copying file ./Payload/ddcar.app/www/plugins/com.telerik.plugins.nativepagetransitions/www/NativePageTransitions.js ... 
2018-10-01 05:02:25 +0000  6944 bytes for ./Payload/ddcar.app/www/plugins/com.telerik.plugins.nativepagetransitions/www/NativePageTransitions.js
2018-10-01 05:02:25 +0000  copying file ./Payload/ddcar.app/www/plugins/cordova-plugin-device/www/device.js ... 
2018-10-01 05:02:25 +0000  3070 bytes for ./Payload/ddcar.app/www/plugins/cordova-plugin-device/www/device.js
2018-10-01 05:02:25 +0000  copying file ./Payload/ddcar.app/www/plugins/cordova-plugin-fullscreen/www/AndroidFullScreen.js ... 
2018-10-01 05:02:25 +0000  2563 bytes for ./Payload/ddcar.app/www/plugins/cordova-plugin-fullscreen/www/AndroidFullScreen.js
2018-10-01 05:02:25 +0000  copying file ./Payload/ddcar.app/www/plugins/phonegap-plugin-barcodescanner/www/barcodescanner.js ... 
2018-10-01 05:02:25 +0000  5020 bytes for ./Payload/ddcar.app/www/plugins/phonegap-plugin-barcodescanner/www/barcodescanner.js
2018-10-01 05:02:25 +0000  copying file ./Payload/ddcar.app/www/plugins/cordova-plugin-camera/www/CameraPopoverOptions.js ... 
2018-10-01 05:02:25 +0000  2296 bytes for ./Payload/ddcar.app/www/plugins/cordova-plugin-camera/www/CameraPopoverOptions.js
2018-10-01 05:02:25 +0000  copying file ./Payload/ddcar.app/www/plugins/cordova-plugin-camera/www/ios/CameraPopoverHandle.js ... 
2018-10-01 05:02:25 +0000  2271 bytes for ./Payload/ddcar.app/www/plugins/cordova-plugin-camera/www/ios/CameraPopoverHandle.js
2018-10-01 05:02:25 +0000  copying file ./Payload/ddcar.app/www/plugins/cordova-plugin-camera/www/CameraConstants.js ... 
2018-10-01 05:02:25 +0000  3488 bytes for ./Payload/ddcar.app/www/plugins/cordova-plugin-camera/www/CameraConstants.js
2018-10-01 05:02:25 +0000  copying file ./Payload/ddcar.app/www/plugins/cordova-plugin-camera/www/Camera.js ... 
2018-10-01 05:02:25 +0000  7994 bytes for ./Payload/ddcar.app/www/plugins/cordova-plugin-camera/www/Camera.js
2018-10-01 05:02:25 +0000  copying file ./Payload/ddcar.app/www/plugins/cordova-plugin-screen-orientation/www/screenorientation.js ... 
2018-10-01 05:02:25 +0000  5012 bytes for ./Payload/ddcar.app/www/plugins/cordova-plugin-screen-orientation/www/screenorientation.js
2018-10-01 05:02:25 +0000  copying file ./Payload/ddcar.app/www/js/transition.js ... 
2018-10-01 05:02:25 +0000  5629 bytes for ./Payload/ddcar.app/www/js/transition.js
2018-10-01 05:02:25 +0000  copying file ./Payload/ddcar.app/www/js/jquery-3.3.1.min.js ... 
2018-10-01 05:02:25 +0000  86926 bytes for ./Payload/ddcar.app/www/js/jquery-3.3.1.min.js
2018-10-01 05:02:25 +0000  copying file ./Payload/ddcar.app/www/js/qrcode.min.js ... 
19927 bytes for ./Payload/ddcar.app/www/js/qrcode.min.js
copying file ./Payload/ddcar.app/www/js/jquery.easy-autocomplete.js ... 
2018-10-01 05:02:25 +0000  34899 bytes for ./Payload/ddcar.app/www/js/jquery.easy-autocomplete.js
2018-10-01 05:02:25 +0000  copying file ./Payload/ddcar.app/www/js/jquery-ui.min.js ... 
2018-10-01 05:02:25 +0000  253669 bytes for ./Payload/ddcar.app/www/js/jquery-ui.min.js
2018-10-01 05:02:25 +0000  copying file ./Payload/ddcar.app/www/js/qrcode.js ... 
2018-10-01 05:02:25 +0000  33168 bytes for ./Payload/ddcar.app/www/js/qrcode.js
2018-10-01 05:02:25 +0000  copying file ./Payload/ddcar.app/www/js/jquery.easing.1.3.min.js ... 
2018-10-01 05:02:25 +0000  8069 bytes for ./Payload/ddcar.app/www/js/jquery.easing.1.3.min.js
copying file ./Payload/ddcar.app/www/js/jquery.alphanumeric.js ... 
2018-10-01 05:02:25 +0000  1452 bytes for ./Payload/ddcar.app/www/js/jquery.alphanumeric.js
2018-10-01 05:02:25 +0000  copying file ./Payload/ddcar.app/www/js/jquery.touchSwipe.min.js ... 
2018-10-01 05:02:25 +0000  20430 bytes for ./Payload/ddcar.app/www/js/jquery.touchSwipe.min.js
2018-10-01 05:02:25 +0000  copying file ./Payload/ddcar.app/www/js/jquery-confirm.js ... 
2018-10-01 05:02:25 +0000  50289 bytes for ./Payload/ddcar.app/www/js/jquery-confirm.js
copying file ./Payload/ddcar.app/www/js/easy-loading.js ... 
2018-10-01 05:02:25 +0000  10132 bytes for ./Payload/ddcar.app/www/js/easy-loading.js
copying file ./Payload/ddcar.app/www/js/lightbox.js ... 
18089 bytes for ./Payload/ddcar.app/www/js/lightbox.js
2018-10-01 05:02:25 +0000  copying file ./Payload/ddcar.app/www/js/jQuery.print.js ... 
2018-10-01 05:02:25 +0000  9723 bytes for ./Payload/ddcar.app/www/js/jQuery.print.js
2018-10-01 05:02:25 +0000  copying file ./Payload/ddcar.app/www/js/jquery.transit.min.js ... 
2018-10-01 05:02:25 +0000  7830 bytes for ./Payload/ddcar.app/www/js/jquery.transit.min.js
2018-10-01 05:02:25 +0000  copying file ./Payload/ddcar.app/www/js/duDatepicker.js ... 
2018-10-01 05:02:25 +0000  27697 bytes for ./Payload/ddcar.app/www/js/duDatepicker.js
2018-10-01 05:02:25 +0000  copying file ./Payload/ddcar.app/www/js/scanqr.js ... 
4653 bytes for ./Payload/ddcar.app/www/js/scanqr.js
copying file ./Payload/ddcar.app/www/manage_credit.html ... 
9761 bytes for ./Payload/ddcar.app/www/manage_credit.html
copying file ./Payload/ddcar.app/www/h.html ... 
2689 bytes for ./Payload/ddcar.app/www/h.html
copying file ./Payload/ddcar.app/www/test_print.html ... 
2018-10-01 05:02:25 +0000  9865 bytes for ./Payload/ddcar.app/www/test_print.html
2018-10-01 05:02:25 +0000  copying file ./Payload/ddcar.app/www/sale_info.html ... 
2018-10-01 05:02:25 +0000  46231 bytes for ./Payload/ddcar.app/www/sale_info.html
2018-10-01 05:02:25 +0000  copying file ./Payload/ddcar.app/www/set_threshold.html ... 
16823 bytes for ./Payload/ddcar.app/www/set_threshold.html
copying file ./Payload/ddcar.app/www/customer_add.html ... 
8037 bytes for ./Payload/ddcar.app/www/customer_add.html
copying file ./Payload/ddcar.app/www/web_credit.html ... 
2018-10-01 05:02:25 +0000  20576 bytes for ./Payload/ddcar.app/www/web_credit.html
2018-10-01 05:02:25 +0000  copying file ./Payload/ddcar.app/www/a4_front.html ... 
2018-10-01 05:02:25 +0000  13156 bytes for ./Payload/ddcar.app/www/a4_front.html
copying file ./Payload/ddcar.app/www/register.html ... 
2018-10-01 05:02:25 +0000  7455 bytes for ./Payload/ddcar.app/www/register.html
2018-10-01 05:02:25 +0000  copying file ./Payload/ddcar.app/www/import_info.html ... 
16532 bytes for ./Payload/ddcar.app/www/import_info.html
copying file ./Payload/ddcar.app/www/threshold.html ... 
8401 bytes for ./Payload/ddcar.app/www/threshold.html
copying file ./Payload/ddcar.app/www/login.html ... 
5655 bytes for ./Payload/ddcar.app/www/login.html
copying file ./Payload/ddcar.app/www/web_login.html ... 
2018-10-01 05:02:25 +0000  5970 bytes for ./Payload/ddcar.app/www/web_login.html
2018-10-01 05:02:25 +0000  copying file ./Payload/ddcar.app/www/customer_show.html ... 
2018-10-01 05:02:25 +0000  13766 bytes for ./Payload/ddcar.app/www/customer_show.html
2018-10-01 05:02:25 +0000  copying file ./Payload/ddcar.app/www/php/rename_cus.php ... 
2018-10-01 05:02:25 +0000  491 bytes for ./Payload/ddcar.app/www/php/rename_cus.php
2018-10-01 05:02:25 +0000  copying file ./Payload/ddcar.app/www/php/get_lastV.php ... 
2018-10-01 05:02:25 +0000  320 bytes for ./Payload/ddcar.app/www/php/get_lastV.php
copying file ./Payload/ddcar.app/www/php/get_cus.php ... 
2018-10-01 05:02:25 +0000  417 bytes for ./Payload/ddcar.app/www/php/get_cus.php
copying file ./Payload/ddcar.app/www/php/save_credit.php ... 
2018-10-01 05:02:25 +0000  3060 bytes for ./Payload/ddcar.app/www/php/save_credit.php
2018-10-01 05:02:25 +0000  copying file ./Payload/ddcar.app/www/php/update_bell.php ... 
2018-10-01 05:02:25 +0000  231 bytes for ./Payload/ddcar.app/www/php/update_bell.php
copying file ./Payload/ddcar.app/www/php/delete_cus.php ... 
2018-10-01 05:02:25 +0000  581 bytes for ./Payload/ddcar.app/www/php/delete_cus.php
copying file ./Payload/ddcar.app/www/php/get_status_prod.php ... 
2018-10-01 05:02:25 +0000  1189 bytes for ./Payload/ddcar.app/www/php/get_status_prod.php
2018-10-01 05:02:25 +0000  copying file ./Payload/ddcar.app/www/php/rename_user.php ... 
2018-10-01 05:02:25 +0000  358 bytes for ./Payload/ddcar.app/www/php/rename_user.php
copying file ./Payload/ddcar.app/www/php/login.php ... 
2018-10-01 05:02:25 +0000  532 bytes for ./Payload/ddcar.app/www/php/login.php
copying file ./Payload/ddcar.app/www/php/get_credit.php ... 
2018-10-01 05:02:25 +0000  660 bytes for ./Payload/ddcar.app/www/php/get_credit.php
2018-10-01 05:02:25 +0000  copying file ./Payload/ddcar.app/www/php/rename_ware_shop.php ... 
2018-10-01 05:02:25 +0000  831 bytes for ./Payload/ddcar.app/www/php/rename_ware_shop.php
copying file ./Payload/ddcar.app/www/php/get_shift_bill.php ... 
2018-10-01 05:02:25 +0000  717 bytes for ./Payload/ddcar.app/www/php/get_shift_bill.php
2018-10-01 05:02:25 +0000  copying file ./Payload/ddcar.app/www/php/get_threshold.php ... 
2018-10-01 05:02:25 +0000  524 bytes for ./Payload/ddcar.app/www/php/get_threshold.php
copying file ./Payload/ddcar.app/www/php/update_threshold.php ... 
2018-10-01 05:02:25 +0000  397 bytes for ./Payload/ddcar.app/www/php/update_threshold.php
copying file ./Payload/ddcar.app/www/php/get_ware.php ... 
2018-10-01 05:02:25 +0000  844 bytes for ./Payload/ddcar.app/www/php/get_ware.php
2018-10-01 05:02:25 +0000  copying file ./Payload/ddcar.app/www/php/get_allprod.php ... 
2018-10-01 05:02:25 +0000  428 bytes for ./Payload/ddcar.app/www/php/get_allprod.php
copying file ./Payload/ddcar.app/www/php/get_folder.php ... 
2018-10-01 05:02:25 +0000  1768 bytes for ./Payload/ddcar.app/www/php/get_folder.php
2018-10-01 05:02:25 +0000  copying file ./Payload/ddcar.app/www/php/delete_user.php ... 
2018-10-01 05:02:25 +0000  299 bytes for ./Payload/ddcar.app/www/php/delete_user.php
copying file ./Payload/ddcar.app/www/php/delete_import.php ... 
2018-10-01 05:02:25 +0000  1151 bytes for ./Payload/ddcar.app/www/php/delete_import.php
copying file ./Payload/ddcar.app/www/php/get_sale.php ... 
2018-10-01 05:02:25 +0000  1088 bytes for ./Payload/ddcar.app/www/php/get_sale.php
2018-10-01 05:02:25 +0000  copying file ./Payload/ddcar.app/www/php/get_bell.php ... 
2018-10-01 05:02:25 +0000  323 bytes for ./Payload/ddcar.app/www/php/get_bell.php
copying file ./Payload/ddcar.app/www/php/get_user.php ... 
2018-10-01 05:02:25 +0000  455 bytes for ./Payload/ddcar.app/www/php/get_user.php
copying file ./Payload/ddcar.app/www/php/get_shop.php ... 
2018-10-01 05:02:25 +0000  834 bytes for ./Payload/ddcar.app/www/php/get_shop.php
2018-10-01 05:02:25 +0000  copying file ./Payload/ddcar.app/www/php/search_cus.php ... 
2018-10-01 05:02:25 +0000  478 bytes for ./Payload/ddcar.app/www/php/search_cus.php
copying file ./Payload/ddcar.app/www/php/register.php ... 
2018-10-01 05:02:25 +0000  488 bytes for ./Payload/ddcar.app/www/php/register.php
copying file ./Payload/ddcar.app/www/php/add_folder.php ... 
2018-10-01 05:02:25 +0000  1749 bytes for ./Payload/ddcar.app/www/php/add_folder.php
2018-10-01 05:02:25 +0000  copying file ./Payload/ddcar.app/www/php/add_ware_shop.php ... 
2018-10-01 05:02:25 +0000  500 bytes for ./Payload/ddcar.app/www/php/add_ware_shop.php
copying file ./Payload/ddcar.app/www/php/delete_ware_shop.php ... 
2018-10-01 05:02:25 +0000  1205 bytes for ./Payload/ddcar.app/www/php/delete_ware_shop.php
2018-10-01 05:02:25 +0000  copying file ./Payload/ddcar.app/www/php/transfer_in.php ... 
2018-10-01 05:02:25 +0000  2054 bytes for ./Payload/ddcar.app/www/php/transfer_in.php
copying file ./Payload/ddcar.app/www/php/get_amt_prod.php ... 
2018-10-01 05:02:25 +0000  797 bytes for ./Payload/ddcar.app/www/php/get_amt_prod.php
2018-10-01 05:02:25 +0000  copying file ./Payload/ddcar.app/www/php/rename_folder.php ... 
2018-10-01 05:02:25 +0000  346 bytes for ./Payload/ddcar.app/www/php/rename_folder.php
copying file ./Payload/ddcar.app/www/php/search_sale.php ... 
2018-10-01 05:02:25 +0000  1002 bytes for ./Payload/ddcar.app/www/php/search_sale.php
copying file ./Payload/ddcar.app/www/php/get_bill_info.php ... 
2018-10-01 05:02:25 +0000  1419 bytes for ./Payload/ddcar.app/www/php/get_bill_info.php
copying file ./Payload/ddcar.app/www/php/stock_out.php ... 
2018-10-01 05:02:25 +0000  3266 bytes for ./Payload/ddcar.app/www/php/stock_out.php
2018-10-01 05:02:25 +0000  copying file ./Payload/ddcar.app/www/php/get_import.php ... 
2018-10-01 05:02:25 +0000  1559 bytes for ./Payload/ddcar.app/www/php/get_import.php
copying file ./Payload/ddcar.app/www/php/test.php ... 
2018-10-01 05:02:25 +0000  377 bytes for ./Payload/ddcar.app/www/php/test.php
copying file ./Payload/ddcar.app/www/php/rename_bill.php ... 
2018-10-01 05:02:25 +0000  7727 bytes for ./Payload/ddcar.app/www/php/rename_bill.php
2018-10-01 05:02:25 +0000  copying file ./Payload/ddcar.app/www/php/db.php ... 
115 bytes for ./Payload/ddcar.app/www/php/db.php
copying file ./Payload/ddcar.app/www/php/update_prod.php ... 
479 bytes for ./Payload/ddcar.app/www/php/update_prod.php
copying file ./Payload/ddcar.app/www/php/delete_folder.php ... 
1435 bytes for ./Payload/ddcar.app/www/php/delete_folder.php
copying file ./Payload/ddcar.app/www/php/save_order.php ... 
7526 bytes for ./Payload/ddcar.app/www/php/save_order.php
copying file ./Payload/ddcar.app/www/php/check_amt_prod.php ... 
2225 bytes for ./Payload/ddcar.app/www/php/check_amt_prod.php
2018-10-01 05:02:25 +0000  copying file ./Payload/ddcar.app/www/php/get_prod.php ... 
624 bytes for ./Payload/ddcar.app/www/php/get_prod.php
copying file ./Payload/ddcar.app/www/php/delete_bill.php ... 
2018-10-01 05:02:25 +0000  1430 bytes for ./Payload/ddcar.app/www/php/delete_bill.php
2018-10-01 05:02:25 +0000  copying file ./Payload/ddcar.app/www/php/back_folder.php ... 
2018-10-01 05:02:25 +0000  626 bytes for ./Payload/ddcar.app/www/php/back_folder.php
copying file ./Payload/ddcar.app/www/php/delete_threshold.php ... 
2018-10-01 05:02:25 +0000  340 bytes for ./Payload/ddcar.app/www/php/delete_threshold.php
2018-10-01 05:02:25 +0000  copying file ./Payload/ddcar.app/www/php/update_credit_auto.php ... 
2018-10-01 05:02:25 +0000  1115 bytes for ./Payload/ddcar.app/www/php/update_credit_auto.php
copying file ./Payload/ddcar.app/www/php/get_bill.php ... 
2018-10-01 05:02:25 +0000  1543 bytes for ./Payload/ddcar.app/www/php/get_bill.php
copying file ./Payload/ddcar.app/www/php/get_ware_shop.php ... 
2018-10-01 05:02:25 +0000  821 bytes for ./Payload/ddcar.app/www/php/get_ware_shop.php
copying file ./Payload/ddcar.app/www/php/add_prod_noimg.php ... 
2018-10-01 05:02:25 +0000  1705 bytes for ./Payload/ddcar.app/www/php/add_prod_noimg.php
2018-10-01 05:02:25 +0000  copying file ./Payload/ddcar.app/www/php/rename_import.php ... 
2018-10-01 05:02:25 +0000  3878 bytes for ./Payload/ddcar.app/www/php/rename_import.php
2018-10-01 05:02:25 +0000  copying file ./Payload/ddcar.app/www/php/add_prod.php ... 
2018-10-01 05:02:25 +0000  1823 bytes for ./Payload/ddcar.app/www/php/add_prod.php
copying file ./Payload/ddcar.app/www/php/get_detail_cus.php ... 
2018-10-01 05:02:25 +0000  808 bytes for ./Payload/ddcar.app/www/php/get_detail_cus.php
2018-10-01 05:02:25 +0000  copying file ./Payload/ddcar.app/www/php/add_cus.php ... 
2018-10-01 05:02:25 +0000  433 bytes for ./Payload/ddcar.app/www/php/add_cus.php
copying file ./Payload/ddcar.app/www/php/delete_prod.php ... 
2018-10-01 05:02:25 +0000  1680 bytes for ./Payload/ddcar.app/www/php/delete_prod.php
copying file ./Payload/ddcar.app/www/php/get_place.php ... 
2018-10-01 05:02:25 +0000  764 bytes for ./Payload/ddcar.app/www/php/get_place.php
2018-10-01 05:02:25 +0000  copying file ./Payload/ddcar.app/www/php/get_credit_info.php ... 
2018-10-01 05:02:25 +0000  1271 bytes for ./Payload/ddcar.app/www/php/get_credit_info.php
copying file ./Payload/ddcar.app/www/php/stock_in.php ... 
2018-10-01 05:02:25 +0000  6204 bytes for ./Payload/ddcar.app/www/php/stock_in.php
copying file ./Payload/ddcar.app/www/php/search_prod.php ... 
2018-10-01 05:02:25 +0000  500 bytes for ./Payload/ddcar.app/www/php/search_prod.php
copying file ./Payload/ddcar.app/www/php/get_import_info.php ... 
2018-10-01 05:02:25 +0000  771 bytes for ./Payload/ddcar.app/www/php/get_import_info.php
copying file ./Payload/ddcar.app/www/php/rename_prod.php ... 
2018-10-01 05:02:25 +0000  939 bytes for ./Payload/ddcar.app/www/php/rename_prod.php
2018-10-01 05:02:25 +0000  copying file ./Payload/ddcar.app/www/web_select.html ... 
2018-10-01 05:02:25 +0000  4711 bytes for ./Payload/ddcar.app/www/web_select.html
2018-10-01 05:02:25 +0000  copying file ./Payload/ddcar.app/www/img/logo.jpg ... 
2018-10-01 05:02:25 +0000  38424 bytes for ./Payload/ddcar.app/www/img/logo.jpg
copying file ./Payload/ddcar.app/www/img/no_img.png ... 
2018-10-01 05:02:25 +0000  1833 bytes for ./Payload/ddcar.app/www/img/no_img.png
copying file ./Payload/ddcar.app/www/import_check.html ... 
16618 bytes for ./Payload/ddcar.app/www/import_check.html
copying file ./Payload/ddcar.app/www/manage_salesum.html ... 
2018-10-01 05:02:25 +0000  6984 bytes for ./Payload/ddcar.app/www/manage_salesum.html
2018-10-01 05:02:25 +0000  copying file ./Payload/ddcar.app/www/web_folder.html ... 
2018-10-01 05:02:25 +0000  20867 bytes for ./Payload/ddcar.app/www/web_folder.html
2018-10-01 05:02:25 +0000  copying file ./Payload/ddcar.app/www/select_cus.html ... 
5314 bytes for ./Payload/ddcar.app/www/select_cus.html
copying file ./Payload/ddcar.app/www/a4.html ... 
17236 bytes for ./Payload/ddcar.app/www/a4.html
copying file ./Payload/ddcar.app/www/show_credit.html ... 
2018-10-01 05:02:25 +0000  14553 bytes for ./Payload/ddcar.app/www/show_credit.html
2018-10-01 05:02:25 +0000  copying file ./Payload/ddcar.app/www/web_export.html ... 
2018-10-01 05:02:25 +0000  26333 bytes for ./Payload/ddcar.app/www/web_export.html
2018-10-01 05:02:25 +0000  copying file ./Payload/ddcar.app/www/web_sale.html ... 
2018-10-01 05:02:25 +0000  65018 bytes for ./Payload/ddcar.app/www/web_sale.html
2018-10-01 05:02:25 +0000  copying file ./Payload/ddcar.app/www/import.html ... 
30397 bytes for ./Payload/ddcar.app/www/import.html
copying file ./Payload/ddcar.app/www/cordova-js-src/exec.js ... 
8877 bytes for ./Payload/ddcar.app/www/cordova-js-src/exec.js
2018-10-01 05:02:25 +0000  copying file ./Payload/ddcar.app/www/cordova-js-src/plugin/ios/logger.js ... 
2018-10-01 05:02:25 +0000  10233 bytes for ./Payload/ddcar.app/www/cordova-js-src/plugin/ios/logger.js
2018-10-01 05:02:25 +0000  copying file ./Payload/ddcar.app/www/cordova-js-src/plugin/ios/console.js ... 
2018-10-01 05:02:25 +0000  6822 bytes for ./Payload/ddcar.app/www/cordova-js-src/plugin/ios/console.js
2018-10-01 05:02:25 +0000  copying file ./Payload/ddcar.app/www/cordova-js-src/platform.js ... 
2018-10-01 05:02:25 +0000  1168 bytes for ./Payload/ddcar.app/www/cordova-js-src/platform.js
2018-10-01 05:02:25 +0000  copying file ./Payload/ddcar.app/www/clone_index.html ... 
2018-10-01 05:02:25 +0000  11949 bytes for ./Payload/ddcar.app/www/clone_index.html
copying file ./Payload/ddcar.app/www/member.html ... 
2018-10-01 05:02:25 +0000  9951 bytes for ./Payload/ddcar.app/www/member.html
2018-10-01 05:02:25 +0000  copying file ./Payload/ddcar.app/www/show_prod.html ... 
2018-10-01 05:02:25 +0000  6452 bytes for ./Payload/ddcar.app/www/show_prod.html
2018-10-01 05:02:25 +0000  copying file ./Payload/ddcar.app/www/manage_bill.html ... 
2018-10-01 05:02:25 +0000  13375 bytes for ./Payload/ddcar.app/www/manage_bill.html
2018-10-01 05:02:25 +0000  copying file ./Payload/ddcar.app/www/other.html ... 
2018-10-01 05:02:25 +0000  4002 bytes for ./Payload/ddcar.app/www/other.html
copying file ./Payload/ddcar.app/www/manage_import.html ... 
2018-10-01 05:02:25 +0000  13201 bytes for ./Payload/ddcar.app/www/manage_import.html
2018-10-01 05:02:25 +0000  copying file ./Payload/ddcar.app/www/cordova_plugins.js ... 
2018-10-01 05:02:25 +0000  3327 bytes for ./Payload/ddcar.app/www/cordova_plugins.js
copying file ./Payload/ddcar.app/www/web_qrprint.html ... 
2018-10-01 05:02:25 +0000  20821 bytes for ./Payload/ddcar.app/www/web_qrprint.html
2018-10-01 05:02:25 +0000  copying file ./Payload/ddcar.app/www/stock.html ... 
10588 bytes for ./Payload/ddcar.app/www/stock.html
copying file ./Payload/ddcar.app/www/web_stock.html ... 
12529 bytes for ./Payload/ddcar.app/www/web_stock.html
copying file ./Payload/ddcar.app/www/sale.html ... 
2018-10-01 05:02:25 +0000  28258 bytes for ./Payload/ddcar.app/www/sale.html
2018-10-01 05:02:25 +0000  copying file ./Payload/ddcar.app/www/warehouse_add.html ... 
2018-10-01 05:02:25 +0000  6728 bytes for ./Payload/ddcar.app/www/warehouse_add.html
2018-10-01 05:02:25 +0000  copying file ./Payload/ddcar.app/www/web_import.html ... 
2018-10-01 05:02:25 +0000  38024 bytes for ./Payload/ddcar.app/www/web_import.html
2018-10-01 05:02:25 +0000  copying file ./Payload/ddcar.app/www/add_prod.html ... 
14412 bytes for ./Payload/ddcar.app/www/add_prod.html
copying file ./Payload/ddcar.app/www/bell.html ... 
8982 bytes for ./Payload/ddcar.app/www/bell.html
copying file ./Payload/ddcar.app/www/export.html ... 
2018-10-01 05:02:25 +0000  21596 bytes for ./Payload/ddcar.app/www/export.html
2018-10-01 05:02:25 +0000  copying file ./Payload/ddcar.app/www/transfer_in_check.html ... 
2018-10-01 05:02:25 +0000  13882 bytes for ./Payload/ddcar.app/www/transfer_in_check.html
2018-10-01 05:02:25 +0000  copying file ./Payload/ddcar.app/www/bill_info.html ... 
2018-10-01 05:02:25 +0000  25740 bytes for ./Payload/ddcar.app/www/bill_info.html
2018-10-01 05:02:25 +0000  copying file ./Payload/ddcar.app/www/warehouse.html ... 
11739 bytes for ./Payload/ddcar.app/www/warehouse.html
copying file ./Payload/ddcar.app/www/sale_check.html ... 
18401 bytes for ./Payload/ddcar.app/www/sale_check.html
copying file ./Payload/ddcar.app/www/export_check.html ... 
2018-10-01 05:02:25 +0000  16949 bytes for ./Payload/ddcar.app/www/export_check.html
2018-10-01 05:02:25 +0000  copying file ./Payload/ddcar.app/Assets.car ... 
2018-10-01 05:02:25 +0000  192664 bytes for ./Payload/ddcar.app/Assets.car
2018-10-01 05:02:25 +0000  copying file ./Payload/ddcar.app/AppIcon40x40@2x~ipad.png ... 
5413 bytes for ./Payload/ddcar.app/AppIcon40x40@2x~ipad.png
copying file ./Payload/ddcar.app/AppIcon76x76@2x~ipad.png ... 
11665 bytes for ./Payload/ddcar.app/AppIcon76x76@2x~ipad.png
copying file ./Payload/ddcar.app/LaunchImage-800-Portrait-736h@3x.png ... 
2018-10-01 05:02:25 +0000  217414 bytes for ./Payload/ddcar.app/LaunchImage-800-Portrait-736h@3x.png
2018-10-01 05:02:25 +0000  copying file ./Payload/ddcar.app/AppIcon72x72~ipad.png ... 
6576 bytes for ./Payload/ddcar.app/AppIcon72x72~ipad.png
copying file ./Payload/ddcar.app/CDVLaunchScreen.storyboardc/01J-lp-oVM-view-Ze5-6b-2t3.nib ... 
2283 bytes for ./Payload/ddcar.app/CDVLaunchScreen.storyboardc/01J-lp-oVM-view-Ze5-6b-2t3.nib
copying file ./Payload/ddcar.app/CDVLaunchScreen.storyboardc/UIViewController-01J-lp-oVM.nib ... 
832 bytes for ./Payload/ddcar.app/CDVLaunchScreen.storyboardc/UIViewController-01J-lp-oVM.nib
copying file ./Payload/ddcar.app/CDVLaunchScreen.storyboardc/Info.plist ... 
258 bytes for ./Payload/ddcar.app/CDVLaunchScreen.storyboardc/Info.plist
copying file ./Payload/ddcar.app/LaunchImage-700@2x.png ... 
2018-10-01 05:02:25 +0000  58820 bytes for ./Payload/ddcar.app/LaunchImage-700@2x.png
2018-10-01 05:02:25 +0000  copying file ./Payload/ddcar.app/ddcar ... 
2018-10-01 05:02:25 +0000  855168 bytes for ./Payload/ddcar.app/ddcar
2018-10-01 05:02:25 +0000  copying file ./Payload/ddcar.app/AppIcon83.5x83.5@2x~ipad.png ... 
13138 bytes for ./Payload/ddcar.app/AppIcon83.5x83.5@2x~ipad.png
copying file ./Payload/ddcar.app/AppIcon50x50~ipad.png ... 
3219 bytes for ./Payload/ddcar.app/AppIcon50x50~ipad.png
copying file ./Payload/ddcar.app/AppIcon29x29@2x~ipad.png ... 
2018-10-01 05:02:25 +0000  3649 bytes for ./Payload/ddcar.app/AppIcon29x29@2x~ipad.png
copying file ./Payload/ddcar.app/AppIcon50x50@2x~ipad.png ... 
2018-10-01 05:02:25 +0000  7176 bytes for ./Payload/ddcar.app/AppIcon50x50@2x~ipad.png
2018-10-01 05:02:25 +0000  copying file ./Payload/ddcar.app/AppIcon40x40~ipad.png ... 
2018-10-01 05:02:25 +0000  2513 bytes for ./Payload/ddcar.app/AppIcon40x40~ipad.png
copying file ./Payload/ddcar.app/AppIcon20x20~ipad.png ... 
2018-10-01 05:02:25 +0000  1029 bytes for ./Payload/ddcar.app/AppIcon20x20~ipad.png
copying file ./Payload/ddcar.app/LaunchImage.png ... 
2018-10-01 05:02:25 +0000  16905 bytes for ./Payload/ddcar.app/LaunchImage.png
2018-10-01 05:02:25 +0000  copying file ./Payload/ddcar.app/LaunchImage-800-Landscape-736h@3x.png ... 
2018-10-01 05:02:25 +0000  209077 bytes for ./Payload/ddcar.app/LaunchImage-800-Landscape-736h@3x.png
2018-10-01 05:02:25 +0000  copying file ./Payload/ddcar.app/CDVBarcodeScanner.bundle/beep.caf ... 
16020 bytes for ./Payload/ddcar.app/CDVBarcodeScanner.bundle/beep.caf
copying file ./Payload/ddcar.app/CDVBarcodeScanner.bundle/torch.png ... 
3173 bytes for ./Payload/ddcar.app/CDVBarcodeScanner.bundle/torch.png
2018-10-01 05:02:25 +0000  copying file ./Payload/ddcar.app/CDVBarcodeScanner.bundle/torch@2x.png ... 
2018-10-01 05:02:25 +0000  3687 bytes for ./Payload/ddcar.app/CDVBarcodeScanner.bundle/torch@2x.png
copying file ./Payload/ddcar.app/CDVBarcodeScanner.bundle/torch@3x.png ... 
2018-10-01 05:02:25 +0000  4302 bytes for ./Payload/ddcar.app/CDVBarcodeScanner.bundle/torch@3x.png
2018-10-01 05:02:25 +0000  copying file ./Payload/ddcar.app/AppIcon20x20@2x~ipad.png ... 
2018-10-01 05:02:25 +0000  2513 bytes for ./Payload/ddcar.app/AppIcon20x20@2x~ipad.png
copying file ./Payload/ddcar.app/Info.plist ... 
2018-10-01 05:02:25 +0000  1995 bytes for ./Payload/ddcar.app/Info.plist
2018-10-01 05:02:25 +0000  copying file ./Payload/ddcar.app/PkgInfo ... 
2018-10-01 05:02:25 +0000  8 bytes for ./Payload/ddcar.app/PkgInfo
copying file ./Payload/ddcar.app/AppIcon76x76~ipad.png ... 
2018-10-01 05:02:25 +0000  5209 bytes for ./Payload/ddcar.app/AppIcon76x76~ipad.png
2018-10-01 05:02:25 +0000  /usr/bin/ditto exited with 0
2018-10-01 05:02:25 +0000  Processing step: IDEDistributionAppStoreInformationStep
2018-10-01 05:02:25 +0000  Skipping step: IDEDistributionAppStoreInformationStep because it said so
2018-10-01 05:02:25 +0000  Processing step: IDEDistributionCreateManifestStep
2018-10-01 05:02:25 +0000  Skipping step: IDEDistributionCreateManifestStep because it said so
